{"/Users/jrhodes/src/projects/eriksen/eriksen.js":{"path":"/Users/jrhodes/src/projects/eriksen/eriksen.js","s":{"1":8,"2":8,"3":8,"4":8,"5":8,"6":8,"7":7,"8":5,"9":5,"10":3,"11":2,"12":5,"13":1,"14":4,"15":7,"16":2,"17":8},"b":{"1":[5,1],"2":[2,2],"3":[1,4],"4":[2,5],"5":[7,5]},"f":{"1":8,"2":7,"3":5,"4":5,"5":7},"fnMap":{"1":{"name":"(anonymous_1)","line":13,"loc":{"start":{"line":13,"column":13},"end":{"line":13,"column":20}}},"2":{"name":"(anonymous_2)","line":25,"loc":{"start":{"line":25,"column":10},"end":{"line":25,"column":24}}},"3":{"name":"(anonymous_3)","line":39,"loc":{"start":{"line":39,"column":11},"end":{"line":39,"column":20}}},"4":{"name":"(anonymous_4)","line":61,"loc":{"start":{"line":61,"column":23},"end":{"line":61,"column":45}}},"5":{"name":"(anonymous_5)","line":73,"loc":{"start":{"line":73,"column":23},"end":{"line":73,"column":31}}}},"statementMap":{"1":{"start":{"line":3,"column":0},"end":{"line":3,"column":28}},"2":{"start":{"line":4,"column":0},"end":{"line":4,"column":42}},"3":{"start":{"line":5,"column":0},"end":{"line":10,"column":2}},"4":{"start":{"line":14,"column":4},"end":{"line":14,"column":21}},"5":{"start":{"line":15,"column":4},"end":{"line":15,"column":28}},"6":{"start":{"line":16,"column":4},"end":{"line":16,"column":32}},"7":{"start":{"line":26,"column":4},"end":{"line":26,"column":33}},"8":{"start":{"line":40,"column":4},"end":{"line":40,"column":57}},"9":{"start":{"line":43,"column":4},"end":{"line":43,"column":84}},"10":{"start":{"line":44,"column":4},"end":{"line":44,"column":54}},"11":{"start":{"line":46,"column":4},"end":{"line":51,"column":7}},"12":{"start":{"line":62,"column":4},"end":{"line":64,"column":5}},"13":{"start":{"line":63,"column":6},"end":{"line":63,"column":36}},"14":{"start":{"line":65,"column":4},"end":{"line":65,"column":38}},"15":{"start":{"line":74,"column":4},"end":{"line":76,"column":5}},"16":{"start":{"line":75,"column":6},"end":{"line":75,"column":72}},"17":{"start":{"line":80,"column":0},"end":{"line":80,"column":25}}},"branchMap":{"1":{"line":40,"type":"binary-expr","locations":[{"start":{"line":40,"column":43},"end":{"line":40,"column":49}},{"start":{"line":40,"column":53},"end":{"line":40,"column":55}}]},"2":{"line":49,"type":"binary-expr","locations":[{"start":{"line":49,"column":17},"end":{"line":49,"column":38}},{"start":{"line":49,"column":42},"end":{"line":49,"column":47}}]},"3":{"line":62,"type":"if","locations":[{"start":{"line":62,"column":4},"end":{"line":62,"column":4}},{"start":{"line":62,"column":4},"end":{"line":62,"column":4}}]},"4":{"line":74,"type":"if","locations":[{"start":{"line":74,"column":4},"end":{"line":74,"column":4}},{"start":{"line":74,"column":4},"end":{"line":74,"column":4}}]},"5":{"line":74,"type":"binary-expr","locations":[{"start":{"line":74,"column":8},"end":{"line":74,"column":13}},{"start":{"line":74,"column":17},"end":{"line":74,"column":40}}]}}}}