TN:
SF:/Users/jrhodes/src/projects/eriksen/eriksen.js
FN:13,(anonymous_1)
FN:25,(anonymous_2)
FN:39,(anonymous_3)
FN:61,(anonymous_4)
FN:73,(anonymous_5)
FNF:5
FNH:5
FNDA:8,(anonymous_1)
FNDA:7,(anonymous_2)
FNDA:5,(anonymous_3)
FNDA:5,(anonymous_4)
FNDA:7,(anonymous_5)
DA:3,8
DA:4,8
DA:5,8
DA:14,8
DA:15,8
DA:16,8
DA:26,7
DA:40,5
DA:43,5
DA:44,3
DA:46,2
DA:62,5
DA:63,1
DA:65,4
DA:74,7
DA:75,2
DA:80,8
LF:17
LH:17
BRDA:40,1,0,5
BRDA:40,1,1,1
BRDA:49,2,0,2
BRDA:49,2,1,2
BRDA:62,3,0,1
BRDA:62,3,1,4
BRDA:74,4,0,2
BRDA:74,4,1,5
BRDA:74,5,0,7
BRDA:74,5,1,5
BRF:10
BRH:10
end_of_record
