{"/Users/jrhodes/src/projects/eriksen/eriksen.js":{"path":"/Users/jrhodes/src/projects/eriksen/eriksen.js","s":{"1":1,"2":1,"3":1,"4":5,"5":5,"6":5,"7":10,"8":5,"9":5,"10":5,"11":5,"12":5,"13":0,"14":5,"15":10,"16":0,"17":1},"b":{"1":[5,0],"2":[5,1],"3":[0,5],"4":[0,10],"5":[10,9]},"f":{"1":5,"2":10,"3":5,"4":5,"5":10},"fnMap":{"1":{"name":"(anonymous_1)","line":13,"loc":{"start":{"line":13,"column":13},"end":{"line":13,"column":20}}},"2":{"name":"(anonymous_2)","line":25,"loc":{"start":{"line":25,"column":10},"end":{"line":25,"column":24}}},"3":{"name":"(anonymous_3)","line":39,"loc":{"start":{"line":39,"column":11},"end":{"line":39,"column":20}}},"4":{"name":"(anonymous_4)","line":61,"loc":{"start":{"line":61,"column":23},"end":{"line":61,"column":45}}},"5":{"name":"(anonymous_5)","line":73,"loc":{"start":{"line":73,"column":23},"end":{"line":73,"column":31}}}},"statementMap":{"1":{"start":{"line":3,"column":0},"end":{"line":3,"column":28}},"2":{"start":{"line":4,"column":0},"end":{"line":4,"column":42}},"3":{"start":{"line":5,"column":0},"end":{"line":10,"column":2}},"4":{"start":{"line":14,"column":4},"end":{"line":14,"column":21}},"5":{"start":{"line":15,"column":4},"end":{"line":15,"column":28}},"6":{"start":{"line":16,"column":4},"end":{"line":16,"column":32}},"7":{"start":{"line":26,"column":4},"end":{"line":26,"column":33}},"8":{"start":{"line":40,"column":4},"end":{"line":40,"column":57}},"9":{"start":{"line":43,"column":4},"end":{"line":43,"column":84}},"10":{"start":{"line":44,"column":4},"end":{"line":44,"column":54}},"11":{"start":{"line":46,"column":4},"end":{"line":51,"column":7}},"12":{"start":{"line":62,"column":4},"end":{"line":64,"column":5}},"13":{"start":{"line":63,"column":6},"end":{"line":63,"column":36}},"14":{"start":{"line":65,"column":4},"end":{"line":65,"column":38}},"15":{"start":{"line":74,"column":4},"end":{"line":76,"column":5}},"16":{"start":{"line":75,"column":6},"end":{"line":75,"column":72}},"17":{"start":{"line":80,"column":0},"end":{"line":80,"column":25}}},"branchMap":{"1":{"line":40,"type":"binary-expr","locations":[{"start":{"line":40,"column":43},"end":{"line":40,"column":49}},{"start":{"line":40,"column":53},"end":{"line":40,"column":55}}]},"2":{"line":49,"type":"binary-expr","locations":[{"start":{"line":49,"column":17},"end":{"line":49,"column":38}},{"start":{"line":49,"column":42},"end":{"line":49,"column":47}}]},"3":{"line":62,"type":"if","locations":[{"start":{"line":62,"column":4},"end":{"line":62,"column":4}},{"start":{"line":62,"column":4},"end":{"line":62,"column":4}}]},"4":{"line":74,"type":"if","locations":[{"start":{"line":74,"column":4},"end":{"line":74,"column":4}},{"start":{"line":74,"column":4},"end":{"line":74,"column":4}}]},"5":{"line":74,"type":"binary-expr","locations":[{"start":{"line":74,"column":8},"end":{"line":74,"column":13}},{"start":{"line":74,"column":17},"end":{"line":74,"column":40}}]}}},"/Users/jrhodes/src/projects/eriksen/lib/proxy.js":{"path":"/Users/jrhodes/src/projects/eriksen/lib/proxy.js","s":{"1":1,"2":1,"3":5,"4":5,"5":5,"6":5,"7":0,"8":5,"9":5,"10":15,"11":1,"12":1,"13":5,"14":0,"15":5,"16":1,"17":10,"18":10,"19":0,"20":10,"21":1,"22":15,"23":6,"24":6,"25":6,"26":2,"27":4,"28":1,"29":4,"30":1,"31":10},"b":{"1":[5,0],"2":[0,5],"3":[0,5],"4":[5,0],"5":[0,10],"6":[10,9],"7":[2,4],"8":[2,4],"9":[6,5]},"f":{"1":5,"2":5,"3":10,"4":15,"5":6,"6":10},"fnMap":{"1":{"name":"(anonymous_1)","line":17,"loc":{"start":{"line":17,"column":13},"end":{"line":17,"column":20}}},"2":{"name":"isEqual","line":50,"loc":{"start":{"line":50,"column":0},"end":{"line":50,"column":23}}},"3":{"name":"setupModel","line":65,"loc":{"start":{"line":65,"column":0},"end":{"line":65,"column":34}}},"4":{"name":"proxify","line":88,"loc":{"start":{"line":88,"column":0},"end":{"line":88,"column":34}}},"5":{"name":"(anonymous_5)","line":89,"loc":{"start":{"line":89,"column":9},"end":{"line":89,"column":20}}},"6":{"name":"callMethod","line":107,"loc":{"start":{"line":107,"column":0},"end":{"line":107,"column":41}}}},"statementMap":{"1":{"start":{"line":3,"column":0},"end":{"line":3,"column":28}},"2":{"start":{"line":4,"column":0},"end":{"line":6,"column":2}},"3":{"start":{"line":18,"column":4},"end":{"line":18,"column":60}},"4":{"start":{"line":21,"column":4},"end":{"line":21,"column":71}},"5":{"start":{"line":24,"column":4},"end":{"line":24,"column":75}},"6":{"start":{"line":27,"column":4},"end":{"line":29,"column":5}},"7":{"start":{"line":28,"column":6},"end":{"line":28,"column":73}},"8":{"start":{"line":32,"column":4},"end":{"line":32,"column":63}},"9":{"start":{"line":35,"column":4},"end":{"line":37,"column":7}},"10":{"start":{"line":36,"column":6},"end":{"line":36,"column":54}},"11":{"start":{"line":41,"column":0},"end":{"line":41,"column":28}},"12":{"start":{"line":50,"column":0},"end":{"line":55,"column":1}},"13":{"start":{"line":51,"column":2},"end":{"line":53,"column":3}},"14":{"start":{"line":52,"column":4},"end":{"line":52,"column":17}},"15":{"start":{"line":54,"column":2},"end":{"line":54,"column":17}},"16":{"start":{"line":65,"column":0},"end":{"line":73,"column":1}},"17":{"start":{"line":66,"column":2},"end":{"line":66,"column":33}},"18":{"start":{"line":68,"column":2},"end":{"line":70,"column":3}},"19":{"start":{"line":69,"column":4},"end":{"line":69,"column":84}},"20":{"start":{"line":72,"column":2},"end":{"line":72,"column":15}},"21":{"start":{"line":88,"column":0},"end":{"line":105,"column":1}},"22":{"start":{"line":89,"column":2},"end":{"line":104,"column":4}},"23":{"start":{"line":90,"column":4},"end":{"line":90,"column":90}},"24":{"start":{"line":92,"column":4},"end":{"line":103,"column":7}},"25":{"start":{"line":93,"column":6},"end":{"line":95,"column":7}},"26":{"start":{"line":94,"column":8},"end":{"line":94,"column":22}},"27":{"start":{"line":98,"column":6},"end":{"line":100,"column":9}},"28":{"start":{"line":99,"column":8},"end":{"line":99,"column":113}},"29":{"start":{"line":102,"column":6},"end":{"line":102,"column":20}},"30":{"start":{"line":107,"column":0},"end":{"line":109,"column":1}},"31":{"start":{"line":108,"column":2},"end":{"line":108,"column":42}}},"branchMap":{"1":{"line":18,"type":"binary-expr","locations":[{"start":{"line":18,"column":48},"end":{"line":18,"column":52}},{"start":{"line":18,"column":56},"end":{"line":18,"column":58}}]},"2":{"line":27,"type":"if","locations":[{"start":{"line":27,"column":4},"end":{"line":27,"column":4}},{"start":{"line":27,"column":4},"end":{"line":27,"column":4}}]},"3":{"line":51,"type":"if","locations":[{"start":{"line":51,"column":2},"end":{"line":51,"column":2}},{"start":{"line":51,"column":2},"end":{"line":51,"column":2}}]},"4":{"line":51,"type":"binary-expr","locations":[{"start":{"line":51,"column":6},"end":{"line":51,"column":30}},{"start":{"line":51,"column":34},"end":{"line":51,"column":58}}]},"5":{"line":68,"type":"if","locations":[{"start":{"line":68,"column":2},"end":{"line":68,"column":2}},{"start":{"line":68,"column":2},"end":{"line":68,"column":2}}]},"6":{"line":68,"type":"binary-expr","locations":[{"start":{"line":68,"column":6},"end":{"line":68,"column":10}},{"start":{"line":68,"column":14},"end":{"line":68,"column":20}}]},"7":{"line":90,"type":"cond-expr","locations":[{"start":{"line":90,"column":44},"end":{"line":90,"column":58}},{"start":{"line":90,"column":61},"end":{"line":90,"column":89}}]},"8":{"line":93,"type":"if","locations":[{"start":{"line":93,"column":6},"end":{"line":93,"column":6}},{"start":{"line":93,"column":6},"end":{"line":93,"column":6}}]},"9":{"line":93,"type":"binary-expr","locations":[{"start":{"line":93,"column":10},"end":{"line":93,"column":28}},{"start":{"line":93,"column":32},"end":{"line":93,"column":77}}]}}}}