TN:
SF:/Users/jrhodes/src/projects/eriksen/eriksen.js
FN:13,(anonymous_1)
FN:25,(anonymous_2)
FN:39,(anonymous_3)
FN:61,(anonymous_4)
FN:73,(anonymous_5)
FNF:5
FNH:5
FNDA:5,(anonymous_1)
FNDA:10,(anonymous_2)
FNDA:5,(anonymous_3)
FNDA:5,(anonymous_4)
FNDA:10,(anonymous_5)
DA:3,1
DA:4,1
DA:5,1
DA:14,5
DA:15,5
DA:16,5
DA:26,10
DA:40,5
DA:43,5
DA:44,5
DA:46,5
DA:62,5
DA:63,0
DA:65,5
DA:74,10
DA:75,0
DA:80,1
LF:17
LH:15
BRDA:40,1,0,5
BRDA:40,1,1,0
BRDA:49,2,0,5
BRDA:49,2,1,1
BRDA:62,3,0,0
BRDA:62,3,1,5
BRDA:74,4,0,0
BRDA:74,4,1,10
BRDA:74,5,0,10
BRDA:74,5,1,9
BRF:10
BRH:7
end_of_record
TN:
SF:/Users/jrhodes/src/projects/eriksen/lib/proxy.js
FN:17,(anonymous_1)
FN:50,isEqual
FN:65,setupModel
FN:88,proxify
FN:89,(anonymous_5)
FN:107,callMethod
FNF:6
FNH:6
FNDA:5,(anonymous_1)
FNDA:5,isEqual
FNDA:10,setupModel
FNDA:15,proxify
FNDA:6,(anonymous_5)
FNDA:10,callMethod
DA:3,1
DA:4,1
DA:18,5
DA:21,5
DA:24,5
DA:27,5
DA:28,0
DA:32,5
DA:35,5
DA:36,15
DA:41,1
DA:50,1
DA:51,5
DA:52,0
DA:54,5
DA:65,1
DA:66,10
DA:68,10
DA:69,0
DA:72,10
DA:88,1
DA:89,15
DA:90,6
DA:92,6
DA:93,6
DA:94,2
DA:98,4
DA:99,1
DA:102,4
DA:107,1
DA:108,10
LF:31
LH:28
BRDA:18,1,0,5
BRDA:18,1,1,0
BRDA:27,2,0,0
BRDA:27,2,1,5
BRDA:51,3,0,0
BRDA:51,3,1,5
BRDA:51,4,0,5
BRDA:51,4,1,0
BRDA:68,5,0,0
BRDA:68,5,1,10
BRDA:68,6,0,10
BRDA:68,6,1,9
BRDA:90,7,0,2
BRDA:90,7,1,4
BRDA:93,8,0,2
BRDA:93,8,1,4
BRDA:93,9,0,6
BRDA:93,9,1,5
BRF:18
BRH:13
end_of_record
